

Started GET "/assets/rails.png" for 127.0.0.1 at 2012-01-02 17:56:18 +0000
Served asset /rails.png - 200 OK (45ms)


Started GET "/" for 127.0.0.1 at 2012-01-02 17:59:31 +0000
  Processing by HomeController#index as HTML
Rendered home/index.html.erb within layouts/application (10.9ms)
Compiled application.css  (11ms)  (pid 6715)
Compiled home.css  (0ms)  (pid 6715)
Compiled application.js  (4ms)  (pid 6715)
Compiled jquery.js  (17ms)  (pid 6715)
Compiled jquery_ujs.js  (0ms)  (pid 6715)
Compiled home.js  (0ms)  (pid 6715)
Completed 200 OK in 183ms (Views: 182.5ms | ActiveRecord: 0.0ms)


Started GET "/assets/application.css?body=1" for 127.0.0.1 at 2012-01-02 17:59:31 +0000
Served asset /application.css - 200 OK (0ms)


Started GET "/assets/jquery.js?body=1" for 127.0.0.1 at 2012-01-02 17:59:31 +0000
Served asset /jquery.js - 200 OK (3ms)


Started GET "/assets/jquery_ujs.js?body=1" for 127.0.0.1 at 2012-01-02 17:59:31 +0000
Served asset /jquery_ujs.js - 200 OK (3ms)


Started GET "/assets/home.js?body=1" for 127.0.0.1 at 2012-01-02 17:59:31 +0000
Served asset /home.js - 200 OK (31ms)


Started GET "/assets/home.css?body=1" for 127.0.0.1 at 2012-01-02 17:59:31 +0000
Served asset /home.css - 200 OK (4ms)


Started GET "/assets/application.js?body=1" for 127.0.0.1 at 2012-01-02 17:59:31 +0000
Served asset /application.js - 200 OK (0ms)
  [1m[36m (0.1ms)[0m  [1mSHOW search_path[0m
  [1m[35m (89.5ms)[0m  CREATE TABLE "schema_migrations" ("version" character varying(255) NOT NULL) 
  [1m[36m (98.5ms)[0m  [1m SELECT distinct i.relname, d.indisunique, d.indkey, t.oid
 FROM pg_class t
 INNER JOIN pg_index d ON t.oid = d.indrelid
 INNER JOIN pg_class i ON d.indexrelid = i.oid
 WHERE i.relkind = 'i'
 AND d.indisprimary = 'f'
 AND t.relname = 'schema_migrations'
 AND i.relnamespace IN (SELECT oid FROM pg_namespace WHERE nspname = ANY (current_schemas(false)) )
 ORDER BY i.relname
[0m
  [1m[35m (35.0ms)[0m  CREATE UNIQUE INDEX "unique_schema_migrations" ON "schema_migrations" ("version")
  [1m[36m (0.4ms)[0m  [1mSELECT "schema_migrations"."version" FROM "schema_migrations" [0m
Migrating to CreateLists (20120102180121)
  [1m[35m (0.1ms)[0m  BEGIN
  [1m[36m (92.6ms)[0m  [1mCREATE TABLE "lists" ("id" serial primary key, "name" character varying(255), "created_at" timestamp, "updated_at" timestamp) [0m
  [1m[35m (0.4ms)[0m  INSERT INTO "schema_migrations" ("version") VALUES ('20120102180121')
  [1m[36m (0.7ms)[0m  [1mCOMMIT[0m
  [1m[35m (0.1ms)[0m  SHOW search_path
  [1m[36m (75.7ms)[0m  [1mSELECT "schema_migrations"."version" FROM "schema_migrations" [0m
  [1m[35m (1.4ms)[0m   SELECT distinct i.relname, d.indisunique, d.indkey, t.oid
 FROM pg_class t
 INNER JOIN pg_index d ON t.oid = d.indrelid
 INNER JOIN pg_class i ON d.indexrelid = i.oid
 WHERE i.relkind = 'i'
 AND d.indisprimary = 'f'
 AND t.relname = 'lists'
 AND i.relnamespace IN (SELECT oid FROM pg_namespace WHERE nspname = ANY (current_schemas(false)) )
 ORDER BY i.relname
  [1m[36m (0.1ms)[0m  [1mSHOW search_path[0m
  [1m[35m (0.3ms)[0m  SELECT "schema_migrations"."version" FROM "schema_migrations" 
Migrating to CreateLists (20120102180121)
Migrating to DeviseCreateUsers (20120102180824)
  [1m[36m (0.1ms)[0m  [1mBEGIN[0m
  [1m[35m (104.7ms)[0m  CREATE TABLE "users" ("id" serial primary key, "email" character varying(255) DEFAULT '' NOT NULL, "encrypted_password" character varying(128) DEFAULT '' NOT NULL, "reset_password_token" character varying(255), "reset_password_sent_at" timestamp, "remember_created_at" timestamp, "sign_in_count" integer DEFAULT 0, "current_sign_in_at" timestamp, "last_sign_in_at" timestamp, "current_sign_in_ip" character varying(255), "last_sign_in_ip" character varying(255), "created_at" timestamp, "updated_at" timestamp) 
  [1m[36m (1.5ms)[0m  [1m SELECT distinct i.relname, d.indisunique, d.indkey, t.oid
 FROM pg_class t
 INNER JOIN pg_index d ON t.oid = d.indrelid
 INNER JOIN pg_class i ON d.indexrelid = i.oid
 WHERE i.relkind = 'i'
 AND d.indisprimary = 'f'
 AND t.relname = 'users'
 AND i.relnamespace IN (SELECT oid FROM pg_namespace WHERE nspname = ANY (current_schemas(false)) )
 ORDER BY i.relname
[0m
  [1m[35m (51.3ms)[0m  CREATE UNIQUE INDEX "index_users_on_email" ON "users" ("email")
  [1m[36m (1.0ms)[0m  [1m SELECT distinct i.relname, d.indisunique, d.indkey, t.oid
 FROM pg_class t
 INNER JOIN pg_index d ON t.oid = d.indrelid
 INNER JOIN pg_class i ON d.indexrelid = i.oid
 WHERE i.relkind = 'i'
 AND d.indisprimary = 'f'
 AND t.relname = 'users'
 AND i.relnamespace IN (SELECT oid FROM pg_namespace WHERE nspname = ANY (current_schemas(false)) )
 ORDER BY i.relname
[0m
  [1m[35mColumns for index index_users_on_email on users (0.2ms)[0m   SELECT a.attnum, a.attname
 FROM pg_attribute a
 WHERE a.attrelid = 16400
 AND a.attnum IN (2)
  [1m[36m (2.1ms)[0m  [1mCREATE UNIQUE INDEX "index_users_on_reset_password_token" ON "users" ("reset_password_token")[0m
  [1m[35m (0.3ms)[0m  INSERT INTO "schema_migrations" ("version") VALUES ('20120102180824')
  [1m[36m (0.7ms)[0m  [1mCOMMIT[0m
  [1m[35m (0.1ms)[0m  SHOW search_path
  [1m[36m (21.8ms)[0m  [1mSELECT "schema_migrations"."version" FROM "schema_migrations" [0m
  [1m[35m (1.3ms)[0m   SELECT distinct i.relname, d.indisunique, d.indkey, t.oid
 FROM pg_class t
 INNER JOIN pg_index d ON t.oid = d.indrelid
 INNER JOIN pg_class i ON d.indexrelid = i.oid
 WHERE i.relkind = 'i'
 AND d.indisprimary = 'f'
 AND t.relname = 'lists'
 AND i.relnamespace IN (SELECT oid FROM pg_namespace WHERE nspname = ANY (current_schemas(false)) )
 ORDER BY i.relname
  [1m[36m (0.7ms)[0m  [1m SELECT distinct i.relname, d.indisunique, d.indkey, t.oid
 FROM pg_class t
 INNER JOIN pg_index d ON t.oid = d.indrelid
 INNER JOIN pg_class i ON d.indexrelid = i.oid
 WHERE i.relkind = 'i'
 AND d.indisprimary = 'f'
 AND t.relname = 'users'
 AND i.relnamespace IN (SELECT oid FROM pg_namespace WHERE nspname = ANY (current_schemas(false)) )
 ORDER BY i.relname
[0m
  [1m[35mColumns for index index_users_on_email on users (0.2ms)[0m   SELECT a.attnum, a.attname
 FROM pg_attribute a
 WHERE a.attrelid = 16400
 AND a.attnum IN (2)
  [1m[36mColumns for index index_users_on_reset_password_token on users (0.2ms)[0m  [1m SELECT a.attnum, a.attname
 FROM pg_attribute a
 WHERE a.attrelid = 16400
 AND a.attnum IN (4)
[0m


Started GET "/" for 127.0.0.1 at 2012-01-02 18:30:58 +0000
  Processing by HomeController#index as HTML
Rendered home/index.html.erb within layouts/application (10.3ms)
Compiled application.css  (1ms)  (pid 6824)
Compiled lists.css  (0ms)  (pid 6824)
Compiled scaffold.css  (0ms)  (pid 6824)
Compiled application.js  (3ms)  (pid 6824)
Compiled lists.js  (0ms)  (pid 6824)
Completed 200 OK in 113ms (Views: 112.3ms | ActiveRecord: 0.0ms)


Started GET "/assets/lists.css?body=1" for 127.0.0.1 at 2012-01-02 18:30:58 +0000
Served asset /lists.css - 200 OK (2ms)


Started GET "/assets/application.css?body=1" for 127.0.0.1 at 2012-01-02 18:30:58 +0000
Served asset /application.css - 200 OK (0ms)


Started GET "/assets/lists.js?body=1" for 127.0.0.1 at 2012-01-02 18:30:58 +0000
Served asset /lists.js - 200 OK (4ms)


Started GET "/assets/home.css?body=1" for 127.0.0.1 at 2012-01-02 18:30:58 +0000
Served asset /home.css - 304 Not Modified (2ms)


Started GET "/assets/scaffold.css?body=1" for 127.0.0.1 at 2012-01-02 18:30:58 +0000
Served asset /scaffold.css - 200 OK (3ms)


Started GET "/assets/jquery.js?body=1" for 127.0.0.1 at 2012-01-02 18:30:58 +0000
Served asset /jquery.js - 304 Not Modified (2ms)


Started GET "/assets/jquery_ujs.js?body=1" for 127.0.0.1 at 2012-01-02 18:30:58 +0000
Served asset /jquery_ujs.js - 304 Not Modified (3ms)


Started GET "/assets/home.js?body=1" for 127.0.0.1 at 2012-01-02 18:30:58 +0000
Served asset /home.js - 304 Not Modified (1ms)


Started GET "/assets/application.js?body=1" for 127.0.0.1 at 2012-01-02 18:30:58 +0000
Served asset /application.js - 200 OK (0ms)


Started GET "/sign_in" for 127.0.0.1 at 2012-01-02 18:31:05 +0000

ActionController::RoutingError (No route matches [GET] "/sign_in"):
  

Rendered /Users/circularpiecesofmusic/.rvm/gems/ruby-1.9.2-p290@instalist/gems/actionpack-3.1.3/lib/action_dispatch/middleware/templates/rescues/routing_error.erb within rescues/layout (0.6ms)


Started GET "/sign_up" for 127.0.0.1 at 2012-01-02 18:31:27 +0000

ActionController::RoutingError (No route matches [GET] "/sign_up"):
  

Rendered /Users/circularpiecesofmusic/.rvm/gems/ruby-1.9.2-p290@instalist/gems/actionpack-3.1.3/lib/action_dispatch/middleware/templates/rescues/routing_error.erb within rescues/layout (0.5ms)


Started GET "/users/sign_up" for 127.0.0.1 at 2012-01-02 18:32:07 +0000
  Processing by Devise::RegistrationsController#new as HTML
  [1m[36m (0.1ms)[0m  [1mSHOW search_path[0m
Rendered /Users/circularpiecesofmusic/.rvm/gems/ruby-1.9.2-p290@instalist/gems/devise-1.5.3/app/views/devise/shared/_links.erb (1.5ms)
Rendered /Users/circularpiecesofmusic/.rvm/gems/ruby-1.9.2-p290@instalist/gems/devise-1.5.3/app/views/devise/registrations/new.html.erb within layouts/application (36.9ms)
Completed 200 OK in 215ms (Views: 55.3ms | ActiveRecord: 60.2ms)


Started GET "/assets/home.css?body=1" for 127.0.0.1 at 2012-01-02 18:32:07 +0000
Served asset /home.css - 304 Not Modified (0ms)


Started GET "/assets/jquery.js?body=1" for 127.0.0.1 at 2012-01-02 18:32:07 +0000
Served asset /jquery.js - 304 Not Modified (0ms)


Started GET "/assets/jquery_ujs.js?body=1" for 127.0.0.1 at 2012-01-02 18:32:07 +0000
Served asset /jquery_ujs.js - 304 Not Modified (0ms)


Started GET "/assets/home.js?body=1" for 127.0.0.1 at 2012-01-02 18:32:07 +0000
Served asset /home.js - 304 Not Modified (0ms)


Started POST "/users" for 127.0.0.1 at 2012-01-02 18:32:36 +0000
  Processing by Devise::RegistrationsController#create as HTML
  Parameters: {"utf8"=>"✓", "authenticity_token"=>"OzlarTwQK3s7JaWC1UGW5mcoBovG9OoMP2ejV42kX+s=", "user"=>{"email"=>"circularpiecesofmusic@gmail.com", "password"=>"[FILTERED]", "password_confirmation"=>"[FILTERED]"}, "commit"=>"Sign up"}
  [1m[35m (0.1ms)[0m  SHOW search_path
  [1m[36m (0.2ms)[0m  [1mBEGIN[0m
  [1m[35m (0.8ms)[0m  SELECT 1 FROM "users" WHERE "users"."email" = 'circularpiecesofmusic@gmail.com' LIMIT 1
  [1m[36mSQL (67.9ms)[0m  [1mINSERT INTO "users" ("created_at", "current_sign_in_at", "current_sign_in_ip", "email", "encrypted_password", "last_sign_in_at", "last_sign_in_ip", "remember_created_at", "reset_password_sent_at", "reset_password_token", "sign_in_count", "updated_at") VALUES ($1, $2, $3, $4, $5, $6, $7, $8, $9, $10, $11, $12) RETURNING "id"[0m  [["created_at", Mon, 02 Jan 2012 18:32:37 UTC +00:00], ["current_sign_in_at", nil], ["current_sign_in_ip", nil], ["email", "circularpiecesofmusic@gmail.com"], ["encrypted_password", "$2a$10$qzX1GD8iBtEyxHmxXKChpuJ1QiwYUqLsSKYgI2sTcmq53DyfwzCtS"], ["last_sign_in_at", nil], ["last_sign_in_ip", nil], ["remember_created_at", nil], ["reset_password_sent_at", nil], ["reset_password_token", nil], ["sign_in_count", 0], ["updated_at", Mon, 02 Jan 2012 18:32:37 UTC +00:00]]
  [1m[35m (13.1ms)[0m  COMMIT
  [1m[36m (0.2ms)[0m  [1mBEGIN[0m
  [1m[35m (0.6ms)[0m  UPDATE "users" SET "last_sign_in_at" = '2012-01-02 18:32:37.131220', "current_sign_in_at" = '2012-01-02 18:32:37.131220', "last_sign_in_ip" = '127.0.0.1', "current_sign_in_ip" = '127.0.0.1', "sign_in_count" = 1, "updated_at" = '2012-01-02 18:32:37.131773' WHERE "users"."id" = 1
  [1m[36m (0.4ms)[0m  [1mCOMMIT[0m
Redirected to http://localhost:3000/
Completed 302 Found in 333ms


Started GET "/" for 127.0.0.1 at 2012-01-02 18:32:37 +0000
  Processing by HomeController#index as HTML
Rendered home/index.html.erb within layouts/application (0.0ms)
Completed 200 OK in 7ms (Views: 6.3ms | ActiveRecord: 0.0ms)


Started GET "/assets/home.css?body=1" for 127.0.0.1 at 2012-01-02 18:32:37 +0000
Served asset /home.css - 304 Not Modified (0ms)


Started GET "/assets/home.js?body=1" for 127.0.0.1 at 2012-01-02 18:32:37 +0000
Served asset /home.js - 304 Not Modified (0ms)


Started GET "/assets/jquery_ujs.js?body=1" for 127.0.0.1 at 2012-01-02 18:32:37 +0000
Served asset /jquery_ujs.js - 304 Not Modified (0ms)


Started GET "/assets/jquery.js?body=1" for 127.0.0.1 at 2012-01-02 18:32:37 +0000
Served asset /jquery.js - 304 Not Modified (0ms)


Started GET "/" for 127.0.0.1 at 2012-01-02 18:35:54 +0000
  Processing by HomeController#index as HTML
Rendered home/index.html.erb within layouts/application (10.2ms)
Completed 200 OK in 80ms (Views: 79.8ms | ActiveRecord: 0.0ms)


Started GET "/assets/lists.css?body=1" for 127.0.0.1 at 2012-01-02 18:35:54 +0000
Served asset /lists.css - 304 Not Modified (1ms)


Started GET "/assets/application.css?body=1" for 127.0.0.1 at 2012-01-02 18:35:54 +0000
Served asset /application.css - 304 Not Modified (0ms)


Started GET "/assets/scaffold.css?body=1" for 127.0.0.1 at 2012-01-02 18:35:54 +0000
Served asset /scaffold.css - 304 Not Modified (4ms)


Started GET "/assets/home.css?body=1" for 127.0.0.1 at 2012-01-02 18:35:54 +0000
Served asset /home.css - 304 Not Modified (1ms)


Started GET "/assets/jquery.js?body=1" for 127.0.0.1 at 2012-01-02 18:35:54 +0000
Served asset /jquery.js - 304 Not Modified (2ms)


Started GET "/assets/jquery_ujs.js?body=1" for 127.0.0.1 at 2012-01-02 18:35:54 +0000
Served asset /jquery_ujs.js - 304 Not Modified (2ms)


Started GET "/assets/home.js?body=1" for 127.0.0.1 at 2012-01-02 18:35:54 +0000
Served asset /home.js - 304 Not Modified (1ms)


Started GET "/assets/lists.js?body=1" for 127.0.0.1 at 2012-01-02 18:35:54 +0000
Served asset /lists.js - 304 Not Modified (2ms)


Started GET "/assets/application.js?body=1" for 127.0.0.1 at 2012-01-02 18:35:54 +0000
Served asset /application.js - 304 Not Modified (0ms)


Started GET "/users/sign_out" for 127.0.0.1 at 2012-01-02 18:36:06 +0000

ActionController::RoutingError (No route matches [GET] "/users/sign_out"):
  

Rendered /Users/circularpiecesofmusic/.rvm/gems/ruby-1.9.2-p290@instalist/gems/actionpack-3.1.3/lib/action_dispatch/middleware/templates/rescues/routing_error.erb within rescues/layout (0.5ms)


Started GET "/users/sign_out/" for 127.0.0.1 at 2012-01-02 18:36:23 +0000

ActionController::RoutingError (No route matches [GET] "/users/sign_out"):
  

Rendered /Users/circularpiecesofmusic/.rvm/gems/ruby-1.9.2-p290@instalist/gems/actionpack-3.1.3/lib/action_dispatch/middleware/templates/rescues/routing_error.erb within rescues/layout (0.6ms)


Started GET "/users/sign_out" for 127.0.0.1 at 2012-01-02 18:36:48 +0000

ActionController::RoutingError (No route matches [GET] "/users/sign_out"):
  

Rendered /Users/circularpiecesofmusic/.rvm/gems/ruby-1.9.2-p290@instalist/gems/actionpack-3.1.3/lib/action_dispatch/middleware/templates/rescues/routing_error.erb within rescues/layout (0.6ms)


Started GET "/" for 127.0.0.1 at 2012-01-02 18:36:54 +0000
  Processing by HomeController#index as HTML
Rendered home/index.html.erb within layouts/application (0.0ms)
Completed 200 OK in 6ms (Views: 5.8ms | ActiveRecord: 0.0ms)


Started GET "/assets/application.css?body=1" for 127.0.0.1 at 2012-01-02 18:36:54 +0000
Served asset /application.css - 304 Not Modified (0ms)


Started GET "/assets/home.css?body=1" for 127.0.0.1 at 2012-01-02 18:36:54 +0000
Served asset /home.css - 304 Not Modified (0ms)


Started GET "/assets/scaffold.css?body=1" for 127.0.0.1 at 2012-01-02 18:36:54 +0000
Served asset /scaffold.css - 304 Not Modified (0ms)


Started GET "/assets/lists.css?body=1" for 127.0.0.1 at 2012-01-02 18:36:54 +0000
Served asset /lists.css - 304 Not Modified (0ms)


Started GET "/assets/jquery_ujs.js?body=1" for 127.0.0.1 at 2012-01-02 18:36:54 +0000
Served asset /jquery_ujs.js - 304 Not Modified (0ms)


Started GET "/assets/jquery.js?body=1" for 127.0.0.1 at 2012-01-02 18:36:54 +0000
Served asset /jquery.js - 304 Not Modified (0ms)


Started GET "/assets/home.js?body=1" for 127.0.0.1 at 2012-01-02 18:36:54 +0000
Served asset /home.js - 304 Not Modified (0ms)


Started GET "/assets/lists.js?body=1" for 127.0.0.1 at 2012-01-02 18:36:54 +0000
Served asset /lists.js - 304 Not Modified (0ms)


Started GET "/assets/application.js?body=1" for 127.0.0.1 at 2012-01-02 18:36:54 +0000
Served asset /application.js - 304 Not Modified (0ms)


Started GET "/" for 127.0.0.1 at 2012-01-02 18:40:43 +0000
  Processing by HomeController#index as HTML
Rendered home/index.html.erb within layouts/application (0.0ms)
  [1m[36m (0.2ms)[0m  [1mSHOW search_path[0m
  [1m[35mUser Load (0.7ms)[0m  SELECT "users".* FROM "users" WHERE "users"."id" = 1 LIMIT 1
Completed 200 OK in 150ms (Views: 139.0ms | ActiveRecord: 10.6ms)


Started GET "/assets/application.css?body=1" for 127.0.0.1 at 2012-01-02 18:40:43 +0000
Served asset /application.css - 304 Not Modified (0ms)


Started GET "/assets/home.css?body=1" for 127.0.0.1 at 2012-01-02 18:40:43 +0000
Served asset /home.css - 304 Not Modified (0ms)


Started GET "/assets/lists.css?body=1" for 127.0.0.1 at 2012-01-02 18:40:43 +0000
Served asset /lists.css - 304 Not Modified (0ms)


Started GET "/assets/scaffold.css?body=1" for 127.0.0.1 at 2012-01-02 18:40:43 +0000
Served asset /scaffold.css - 304 Not Modified (0ms)


Started GET "/assets/jquery.js?body=1" for 127.0.0.1 at 2012-01-02 18:40:43 +0000
Served asset /jquery.js - 304 Not Modified (0ms)


Started GET "/assets/jquery_ujs.js?body=1" for 127.0.0.1 at 2012-01-02 18:40:43 +0000
Served asset /jquery_ujs.js - 304 Not Modified (0ms)


Started GET "/assets/home.js?body=1" for 127.0.0.1 at 2012-01-02 18:40:43 +0000
Served asset /home.js - 304 Not Modified (0ms)


Started GET "/assets/lists.js?body=1" for 127.0.0.1 at 2012-01-02 18:40:43 +0000
Served asset /lists.js - 304 Not Modified (0ms)


Started GET "/assets/application.js?body=1" for 127.0.0.1 at 2012-01-02 18:40:43 +0000
Served asset /application.js - 304 Not Modified (0ms)


Started GET "/users/sign_out" for 127.0.0.1 at 2012-01-02 18:40:47 +0000

ActionController::RoutingError (No route matches [GET] "/users/sign_out"):
  

Rendered /Users/circularpiecesofmusic/.rvm/gems/ruby-1.9.2-p290@instalist/gems/actionpack-3.1.3/lib/action_dispatch/middleware/templates/rescues/routing_error.erb within rescues/layout (0.7ms)


Started GET "/" for 127.0.0.1 at 2012-01-02 18:41:33 +0000
  Processing by HomeController#index as HTML
Rendered home/index.html.erb within layouts/application (0.0ms)
  [1m[36m (0.2ms)[0m  [1mSHOW search_path[0m
  [1m[35mUser Load (0.5ms)[0m  SELECT "users".* FROM "users" WHERE "users"."id" = 1 LIMIT 1
Completed 200 OK in 55ms (Views: 46.3ms | ActiveRecord: 8.6ms)


Started GET "/assets/application.css?body=1" for 127.0.0.1 at 2012-01-02 18:41:33 +0000
Served asset /application.css - 200 OK (0ms)


Started GET "/assets/scaffold.css?body=1" for 127.0.0.1 at 2012-01-02 18:41:33 +0000
Served asset /scaffold.css - 200 OK (0ms)


Started GET "/assets/home.css?body=1" for 127.0.0.1 at 2012-01-02 18:41:33 +0000
Served asset /home.css - 200 OK (0ms)


Started GET "/assets/jquery_ujs.js?body=1" for 127.0.0.1 at 2012-01-02 18:41:33 +0000
Served asset /jquery_ujs.js - 200 OK (2ms)


Started GET "/assets/lists.css?body=1" for 127.0.0.1 at 2012-01-02 18:41:33 +0000
Served asset /lists.css - 200 OK (0ms)


Started GET "/assets/jquery.js?body=1" for 127.0.0.1 at 2012-01-02 18:41:33 +0000
Served asset /jquery.js - 200 OK (1ms)


Started GET "/assets/home.js?body=1" for 127.0.0.1 at 2012-01-02 18:41:33 +0000
Served asset /home.js - 200 OK (0ms)


Started GET "/assets/lists.js?body=1" for 127.0.0.1 at 2012-01-02 18:41:33 +0000
Served asset /lists.js - 200 OK (0ms)


Started GET "/assets/application.js?body=1" for 127.0.0.1 at 2012-01-02 18:41:33 +0000
Served asset /application.js - 200 OK (0ms)


Started GET "/users/sign_out" for 127.0.0.1 at 2012-01-02 18:41:34 +0000

ActionController::RoutingError (No route matches [GET] "/users/sign_out"):
  

Rendered /Users/circularpiecesofmusic/.rvm/gems/ruby-1.9.2-p290@instalist/gems/actionpack-3.1.3/lib/action_dispatch/middleware/templates/rescues/routing_error.erb within rescues/layout (0.5ms)
